<?xml version="1.0" encoding="UTF-8"?>
<!-- Generated by org.testng.reporters.JUnitReportReporter -->
<testsuite skipped="0" hostname="FRWK-0056" name="tests.TransacoesTest" tests="13" failures="0" timestamp="2020-02-13T16:04:45 BRST" time="11.525" errors="0">
  <testcase name="deveIncluirContaComSucesso" time="0.950" classname="tests.TransacoesTest"/>
  <system-out/>
  <testcase name="deveAlterarContaComSucesso" time="0.896" classname="tests.TransacoesTest"/>
  <system-out/>
  <testcase name="naoDeveInserirContaRepetida" time="0.791" classname="tests.TransacoesTest"/>
  <system-out/>
  <testcase name="deveInserirMovimentacaoComSucesso" time="1.307" classname="tests.TransacoesTest"/>
  <system-out/>
  <testcase name="deveValidarCamposObrigatoriosNaMovimentacao" time="0.820" classname="tests.TransacoesTest"/>
  <system-out/>
  <testcase name="naoDeveInserirMovimentacaoComDataFutura" time="0.784" classname="tests.TransacoesTest"/>
  <system-out/>
  <testcase name="naoDeveRemoverContaComMovimentacao" time="0.804" classname="tests.TransacoesTest"/>
  <system-out/>
  <testcase name="deveCalcularSaldoContas" time="0.818" classname="tests.TransacoesTest"/>
  <system-out/>
  <testcase name="deveRemoverMovimentacao" time="0.756" classname="tests.TransacoesTest"/>
  <system-out/>
  <testcase name="deveValidaroSchemaDasContas" time="1.344" classname="tests.TransacoesTest"/>
  <system-out/>
  <testcase name="deveRemoverConta" time="0.745" classname="tests.TransacoesTest"/>
  <system-out/>
  <testcase name="deveValidarSeContaFoiRemovida" time="0.758" classname="tests.TransacoesTest"/>
  <system-out/>
  <testcase name="naoDeveAcessarApiSemToken" time="0.752" classname="tests.TransacoesTest"/>
  <system-out/>
</testsuite> <!-- tests.TransacoesTest -->
